<?xml version="1.0" encoding="utf-8"?><testsuites name="pytest tests"><testsuite name="pytest" errors="0" failures="0" skipped="0" tests="7" time="2.561" timestamp="2026-06-07T15:20:42.437349+00:00" hostname="agent-env-565c662b-79a2-49fb-a827-0115b31168b8"><testcase classname="backend.tests.backend_test.TestHealth" name="test_root" time="0.273" /><testcase classname="backend.tests.backend_test.TestBookings" name="test_create_booking_success" time="0.420" /><testcase classname="backend.tests.backend_test.TestBookings" name="test_create_booking_missing_name" time="0.052" /><testcase classname="backend.tests.backend_test.TestBookings" name="test_create_booking_missing_phone" time="0.052" /><testcase classname="backend.tests.backend_test.TestBookings" name="test_create_booking_missing_service" time="0.053" /><testcase classname="backend.tests.backend_test.TestBookings" name="test_create_booking_empty_required" time="0.053" /><testcase classname="backend.tests.backend_test.TestBookings" name="test_list_bookings_sorted_desc" time="1.393" /></testsuite></testsuites>